Epoch 1, Loss G: 0.0266, Loss D: 0.0146
epsilon is 0.22229275388042935, alpha is 63.0
Epoch 2, Loss G: 0.0014, Loss D: 0.0092
epsilon is 0.22444436562277437, alpha is 63.0
Epoch 3, Loss G: 0.0024, Loss D: 0.0164
epsilon is 0.22659597736511938, alpha is 63.0
Epoch 4, Loss G: -0.0199, Loss D: 0.0090
epsilon is 0.22874758910746443, alpha is 63.0
Epoch 5, Loss G: -0.0182, Loss D: -0.0098
epsilon is 0.23089920084980944, alpha is 63.0
Epoch 6, Loss G: -0.0300, Loss D: -0.0081
epsilon is 0.23305081259215446, alpha is 63.0
Epoch 7, Loss G: -0.0325, Loss D: -0.0031
epsilon is 0.2352024243344995, alpha is 63.0
Epoch 8, Loss G: 0.0168, Loss D: 0.0076
epsilon is 0.23735403607684452, alpha is 63.0
Epoch 9, Loss G: 0.0402, Loss D: 0.0095
epsilon is 0.23950564781918954, alpha is 63.0
Epoch 10, Loss G: 0.0259, Loss D: 0.0022
epsilon is 0.24165725956153455, alpha is 63.0
Epoch 11, Loss G: 0.0236, Loss D: -0.0121
epsilon is 0.24380887130387957, alpha is 63.0
Epoch 12, Loss G: 0.0385, Loss D: -0.0010
epsilon is 0.2459604830462246, alpha is 63.0
Epoch 13, Loss G: 0.0652, Loss D: -0.0126
epsilon is 0.2481120947885696, alpha is 63.0
Epoch 14, Loss G: 0.0894, Loss D: 0.0001
epsilon is 0.2502637065309147, alpha is 63.0
Epoch 15, Loss G: 0.1180, Loss D: -0.0092
epsilon is 0.2524153182732597, alpha is 63.0
Epoch 16, Loss G: 0.1109, Loss D: -0.0037
epsilon is 0.2545669300156047, alpha is 63.0
Epoch 17, Loss G: 0.0989, Loss D: 0.0052
epsilon is 0.2567185417579497, alpha is 63.0
Epoch 18, Loss G: 0.0961, Loss D: 0.0065
epsilon is 0.25887015350029474, alpha is 63.0
Epoch 19, Loss G: 0.1120, Loss D: 0.0080
epsilon is 0.26102176524263976, alpha is 63.0
Epoch 20, Loss G: 0.1127, Loss D: 0.0080
epsilon is 0.2631733769849848, alpha is 63.0
Epoch 21, Loss G: 0.0917, Loss D: 0.0015
epsilon is 0.26532498872732985, alpha is 63.0
Epoch 22, Loss G: 0.0931, Loss D: 0.0082
epsilon is 0.26747660046967486, alpha is 63.0
Epoch 23, Loss G: 0.0504, Loss D: 0.0064
epsilon is 0.2696282122120199, alpha is 63.0
Epoch 24, Loss G: 0.0344, Loss D: 0.0002
epsilon is 0.2717798239543649, alpha is 63.0
Epoch 25, Loss G: -0.0054, Loss D: 0.0061
epsilon is 0.2739314356967099, alpha is 63.0
Epoch 26, Loss G: 0.0477, Loss D: -0.0117
epsilon is 0.27608304743905493, alpha is 63.0
Epoch 27, Loss G: 0.0354, Loss D: 0.0008
epsilon is 0.27823465918139995, alpha is 63.0
Epoch 28, Loss G: 0.0882, Loss D: -0.0124
epsilon is 0.28038627092374496, alpha is 63.0
Epoch 29, Loss G: 0.1493, Loss D: -0.0038
epsilon is 0.28253788266609, alpha is 63.0
Epoch 30, Loss G: 0.1098, Loss D: -0.0073
epsilon is 0.28468949440843505, alpha is 63.0
Epoch 31, Loss G: 0.1131, Loss D: -0.0134
epsilon is 0.28684110615078007, alpha is 63.0
Epoch 32, Loss G: 0.1236, Loss D: 0.0159
epsilon is 0.2889927178931251, alpha is 63.0
Epoch 33, Loss G: 0.1590, Loss D: 0.0072
epsilon is 0.2911443296354701, alpha is 63.0
Epoch 34, Loss G: 0.1634, Loss D: 0.0021
epsilon is 0.2932959413778151, alpha is 63.0
Epoch 35, Loss G: 0.1339, Loss D: 0.0011
epsilon is 0.29544755312016013, alpha is 63.0
Epoch 36, Loss G: 0.1312, Loss D: -0.0033
epsilon is 0.29759916486250515, alpha is 63.0
Epoch 37, Loss G: 0.1110, Loss D: 0.0096
epsilon is 0.2997507766048502, alpha is 63.0
Epoch 38, Loss G: 0.1318, Loss D: -0.0111
epsilon is 0.30190238834719524, alpha is 63.0
Epoch 39, Loss G: 0.1133, Loss D: -0.0136
epsilon is 0.30405400008954026, alpha is 63.0
Epoch 40, Loss G: 0.1497, Loss D: -0.0208
epsilon is 0.30620561183188527, alpha is 63.0
Epoch 41, Loss G: 0.1459, Loss D: -0.0104
epsilon is 0.3083572235742303, alpha is 63.0
Epoch 42, Loss G: 0.1638, Loss D: -0.0004
epsilon is 0.3105088353165753, alpha is 63.0
Epoch 43, Loss G: 0.1472, Loss D: 0.0263
epsilon is 0.3126604470589203, alpha is 63.0
Epoch 44, Loss G: 0.2063, Loss D: -0.0164
epsilon is 0.31481205880126534, alpha is 63.0
Epoch 45, Loss G: 0.1957, Loss D: -0.0107
epsilon is 0.31696367054361035, alpha is 63.0
Epoch 46, Loss G: 0.1933, Loss D: -0.0333
epsilon is 0.31911528228595537, alpha is 63.0
Epoch 47, Loss G: 0.1654, Loss D: -0.0212
epsilon is 0.32126689402830044, alpha is 63.0
Epoch 48, Loss G: 0.1516, Loss D: 0.0039
epsilon is 0.32341850577064546, alpha is 63.0
Epoch 49, Loss G: 0.1724, Loss D: -0.0120
epsilon is 0.3255701175129905, alpha is 63.0
Epoch 50, Loss G: 0.1439, Loss D: -0.0082
epsilon is 0.3277217292553355, alpha is 63.0
Epoch 51, Loss G: 0.2031, Loss D: -0.0133
epsilon is 0.3298733409976805, alpha is 63.0
Epoch 52, Loss G: 0.1251, Loss D: 0.0029
epsilon is 0.3320249527400255, alpha is 63.0
Epoch 53, Loss G: 0.1624, Loss D: 0.0065
epsilon is 0.3341765644823706, alpha is 63.0
Epoch 54, Loss G: 0.1411, Loss D: -0.0226
epsilon is 0.3363281762247156, alpha is 63.0
Epoch 55, Loss G: 0.1531, Loss D: 0.0021
epsilon is 0.33847978796706063, alpha is 63.0
Epoch 56, Loss G: 0.1547, Loss D: 0.0027
epsilon is 0.34063139970940565, alpha is 63.0
Epoch 57, Loss G: 0.1689, Loss D: -0.0336
epsilon is 0.34278301145175066, alpha is 63.0
Epoch 58, Loss G: 0.1675, Loss D: 0.0108
epsilon is 0.3449346231940957, alpha is 63.0
Epoch 59, Loss G: 0.2867, Loss D: -0.0626
epsilon is 0.3470862349364407, alpha is 63.0
Epoch 60, Loss G: 0.2565, Loss D: -0.0275
epsilon is 0.3492378466787857, alpha is 63.0
Epoch 61, Loss G: 0.2892, Loss D: -0.0853
epsilon is 0.35138945842113073, alpha is 63.0
Epoch 62, Loss G: 0.3415, Loss D: -0.0882
epsilon is 0.35354107016347575, alpha is 63.0
Epoch 63, Loss G: 0.4028, Loss D: -0.0525
epsilon is 0.35569268190582076, alpha is 63.0
Epoch 64, Loss G: 0.4091, Loss D: -0.1087
epsilon is 0.35784429364816583, alpha is 63.0
Epoch 65, Loss G: 0.4995, Loss D: -0.0725
epsilon is 0.35999590539051085, alpha is 63.0
Epoch 66, Loss G: 0.6130, Loss D: -0.1030
epsilon is 0.36214751713285587, alpha is 63.0
Epoch 67, Loss G: 0.7791, Loss D: -0.1495
epsilon is 0.3642991288752009, alpha is 63.0
Epoch 68, Loss G: 0.8682, Loss D: -0.1611
epsilon is 0.36645074061754596, alpha is 63.0
Epoch 69, Loss G: 1.0391, Loss D: -0.2198
epsilon is 0.368602352359891, alpha is 63.0
Epoch 70, Loss G: 1.1404, Loss D: -0.2009
epsilon is 0.370753964102236, alpha is 63.0
Epoch 71, Loss G: 1.1806, Loss D: -0.3137
epsilon is 0.372905575844581, alpha is 63.0
Epoch 72, Loss G: 1.4119, Loss D: -0.3842
epsilon is 0.375057187586926, alpha is 63.0
Epoch 73, Loss G: 1.9321, Loss D: -0.3493
epsilon is 0.37720879932927104, alpha is 63.0
Epoch 74, Loss G: 2.2437, Loss D: -0.5483
epsilon is 0.37936041107161605, alpha is 63.0
Epoch 75, Loss G: 2.6684, Loss D: -0.3316
epsilon is 0.38151202281396107, alpha is 63.0
Epoch 76, Loss G: 2.3707, Loss D: -0.7893
epsilon is 0.3836636345563061, alpha is 63.0
Epoch 77, Loss G: 3.1738, Loss D: -0.8397
epsilon is 0.3858152462986511, alpha is 63.0
Epoch 78, Loss G: 3.6775, Loss D: -0.7997
epsilon is 0.3879668580409961, alpha is 63.0
Epoch 79, Loss G: 4.1228, Loss D: -1.3959
epsilon is 0.39011846978334114, alpha is 63.0
Epoch 80, Loss G: 4.8056, Loss D: -1.5757
epsilon is 0.39227008152568615, alpha is 63.0
Epoch 81, Loss G: 5.3511, Loss D: -1.7325
epsilon is 0.3944216932680312, alpha is 63.0
Epoch 82, Loss G: 5.5550, Loss D: -1.4398
epsilon is 0.39657330501037624, alpha is 63.0
Epoch 83, Loss G: 6.4348, Loss D: -2.1188
epsilon is 0.39872491675272126, alpha is 63.0
Epoch 84, Loss G: 6.8168, Loss D: -2.9205
epsilon is 0.4008765284950663, alpha is 63.0
Epoch 85, Loss G: 8.0461, Loss D: -1.9173
epsilon is 0.40302814023741135, alpha is 63.0
Epoch 86, Loss G: 9.1392, Loss D: -2.8128
epsilon is 0.40517975197975636, alpha is 63.0
Epoch 87, Loss G: 9.0260, Loss D: -3.4648
epsilon is 0.4073313637221014, alpha is 63.0
Epoch 88, Loss G: 12.2549, Loss D: -5.1029
epsilon is 0.4094829754644464, alpha is 63.0
Epoch 89, Loss G: 13.6013, Loss D: -3.8609
epsilon is 0.4116345872067914, alpha is 63.0
Epoch 90, Loss G: 14.9311, Loss D: -4.7252
epsilon is 0.41378619894913643, alpha is 63.0
Epoch 91, Loss G: 16.6923, Loss D: -6.6210
epsilon is 0.41593781069148145, alpha is 63.0
Epoch 92, Loss G: 18.4804, Loss D: -4.4229
epsilon is 0.41808942243382646, alpha is 63.0
Epoch 93, Loss G: 19.6291, Loss D: -6.0915
epsilon is 0.4202410341761715, alpha is 63.0
Epoch 94, Loss G: 22.0019, Loss D: -4.6023
epsilon is 0.4223926459185165, alpha is 63.0
Epoch 95, Loss G: 24.3079, Loss D: -3.3152
epsilon is 0.4245442576608615, alpha is 63.0
Epoch 96, Loss G: 26.1220, Loss D: -7.5994
epsilon is 0.42669586940320653, alpha is 63.0
Epoch 97, Loss G: 27.5249, Loss D: -7.6424
epsilon is 0.4288474811455516, alpha is 63.0
Epoch 98, Loss G: 31.9777, Loss D: -8.7872
epsilon is 0.4309990928878966, alpha is 63.0
Epoch 99, Loss G: 34.7839, Loss D: -11.3100
epsilon is 0.43315070463024163, alpha is 63.0
Epoch 100, Loss G: 37.4342, Loss D: -10.8961
epsilon is 0.43530231637258665, alpha is 63.0
Epoch 101, Loss G: 40.5617, Loss D: -7.9550
epsilon is 0.4374539281149317, alpha is 63.0
Epoch 102, Loss G: 44.4787, Loss D: -6.6709
epsilon is 0.43960553985727674, alpha is 63.0
Epoch 103, Loss G: 49.8173, Loss D: -17.5654
epsilon is 0.44175715159962176, alpha is 63.0
Epoch 104, Loss G: 52.9545, Loss D: -13.8843
epsilon is 0.44390876334196677, alpha is 63.0
Epoch 105, Loss G: 55.5239, Loss D: -11.8531
epsilon is 0.4460603750843118, alpha is 63.0
Epoch 106, Loss G: 59.3556, Loss D: -14.3684
epsilon is 0.4482119868266568, alpha is 63.0
Epoch 107, Loss G: 66.6763, Loss D: -12.1290
epsilon is 0.4503635985690018, alpha is 63.0
Epoch 108, Loss G: 70.9023, Loss D: -16.6101
epsilon is 0.45251521031134684, alpha is 63.0
Epoch 109, Loss G: 77.9165, Loss D: -8.3377
epsilon is 0.45466682205369185, alpha is 63.0
Epoch 110, Loss G: 80.5139, Loss D: -25.1979
epsilon is 0.45681843379603687, alpha is 63.0
Epoch 111, Loss G: 88.1145, Loss D: -20.3476
epsilon is 0.4589700455383819, alpha is 63.0
Epoch 112, Loss G: 87.3918, Loss D: -17.5615
epsilon is 0.4611216572807269, alpha is 63.0
Epoch 113, Loss G: 94.0122, Loss D: -23.4211
epsilon is 0.463273269023072, alpha is 63.0
Epoch 114, Loss G: 100.9094, Loss D: -27.8663
epsilon is 0.465424880765417, alpha is 63.0
Epoch 115, Loss G: 108.4822, Loss D: -23.6007
epsilon is 0.46757493417547713, alpha is 62.0
Epoch 116, Loss G: 115.2868, Loss D: -22.1765
epsilon is 0.46969224658739406, alpha is 62.0
Epoch 117, Loss G: 126.0011, Loss D: -28.5405
epsilon is 0.471809558999311, alpha is 62.0
Epoch 118, Loss G: 132.3864, Loss D: -25.8891
epsilon is 0.4739268714112279, alpha is 62.0
Epoch 119, Loss G: 133.1527, Loss D: -24.8748
epsilon is 0.4760406829367817, alpha is 61.0
Epoch 120, Loss G: 142.2834, Loss D: -31.2721
epsilon is 0.47812370077957767, alpha is 61.0
Epoch 121, Loss G: 150.2964, Loss D: -41.7438
epsilon is 0.48020671862237363, alpha is 61.0
Epoch 122, Loss G: 160.0598, Loss D: -43.8126
epsilon is 0.4822897364651696, alpha is 61.0
Epoch 123, Loss G: 167.1628, Loss D: -49.3360
epsilon is 0.48437275430796556, alpha is 61.0
Epoch 124, Loss G: 172.2360, Loss D: -50.7024
epsilon is 0.48642307504623894, alpha is 60.0
Epoch 125, Loss G: 188.8411, Loss D: -46.3539
epsilon is 0.4884718030798837, alpha is 60.0
Epoch 126, Loss G: 193.3479, Loss D: -48.3235
epsilon is 0.4905205311135282, alpha is 60.0
Epoch 127, Loss G: 198.6218, Loss D: -49.1273
epsilon is 0.492569259147173, alpha is 60.0
Epoch 128, Loss G: 214.2663, Loss D: -51.3671
epsilon is 0.494597914921199, alpha is 59.0
Epoch 129, Loss G: 221.4873, Loss D: -69.7979
epsilon is 0.49661235790432656, alpha is 59.0
Epoch 130, Loss G: 237.7660, Loss D: -52.6776
epsilon is 0.49862680088745404, alpha is 59.0
Epoch 131, Loss G: 239.1497, Loss D: -61.3576
epsilon is 0.5006412438705815, alpha is 59.0
Epoch 132, Loss G: 256.8791, Loss D: -49.2812
epsilon is 0.502655686853709, alpha is 59.0
Epoch 133, Loss G: 271.6829, Loss D: -62.5272
epsilon is 0.5046364625296214, alpha is 58.0
Epoch 134, Loss G: 282.9356, Loss D: -64.4917
epsilon is 0.5066166252195274, alpha is 58.0
Epoch 135, Loss G: 298.7211, Loss D: -65.8911
epsilon is 0.5085967879094336, alpha is 58.0
Epoch 136, Loss G: 303.5962, Loss D: -66.6767
epsilon is 0.5105769505993398, alpha is 58.0
Epoch 137, Loss G: 324.2527, Loss D: -74.5731
epsilon is 0.5125527785646175, alpha is 57.0
Epoch 138, Loss G: 334.8177, Loss D: -41.8932
epsilon is 0.5144986657172647, alpha is 57.0
Epoch 139, Loss G: 361.1559, Loss D: -65.3273
epsilon is 0.5164445528699121, alpha is 57.0
Epoch 140, Loss G: 364.4140, Loss D: -75.8309
epsilon is 0.5183904400225593, alpha is 57.0
Epoch 141, Loss G: 385.1301, Loss D: -80.3905
epsilon is 0.5203363271752067, alpha is 57.0
Epoch 142, Loss G: 413.2358, Loss D: -112.3936
epsilon is 0.522282214327854, alpha is 57.0
Epoch 143, Loss G: 416.1891, Loss D: -125.6491
epsilon is 0.5241938361252632, alpha is 56.0
Epoch 144, Loss G: 421.6682, Loss D: -93.8734
epsilon is 0.5261054524952778, alpha is 56.0
Epoch 145, Loss G: 450.2448, Loss D: -120.0056
epsilon is 0.5280170688652924, alpha is 56.0
Epoch 146, Loss G: 460.5684, Loss D: -111.8286
epsilon is 0.5299286852353071, alpha is 56.0
Epoch 147, Loss G: 487.9458, Loss D: -143.7239
epsilon is 0.5318403016053218, alpha is 56.0
Epoch 148, Loss G: 500.3155, Loss D: -136.6310
epsilon is 0.5337319807668655, alpha is 55.0
Epoch 149, Loss G: 503.2860, Loss D: -86.9296
epsilon is 0.5356093311075393, alpha is 55.0
Epoch 150, Loss G: 547.0049, Loss D: -94.1967
epsilon is 0.537486681448213, alpha is 55.0
Epoch 151, Loss G: 562.5771, Loss D: -108.7239
epsilon is 0.5393640317888867, alpha is 55.0
Epoch 152, Loss G: 574.7828, Loss D: -181.0022
epsilon is 0.5412413821295605, alpha is 55.0
Epoch 153, Loss G: 598.2210, Loss D: -108.1172
epsilon is 0.5431187324702343, alpha is 55.0
Epoch 154, Loss G: 619.5657, Loss D: -152.2444
epsilon is 0.5449669575183438, alpha is 54.0
Epoch 155, Loss G: 639.5283, Loss D: -140.2414
epsilon is 0.5468100465816343, alpha is 54.0
Epoch 156, Loss G: 687.0670, Loss D: -146.0032
epsilon is 0.5486531356449249, alpha is 54.0
Epoch 157, Loss G: 677.6241, Loss D: -195.0172
epsilon is 0.5504962247082155, alpha is 54.0
Epoch 158, Loss G: 700.7520, Loss D: -182.4886
epsilon is 0.552339313771506, alpha is 54.0
Epoch 159, Loss G: 714.5366, Loss D: -182.3863
epsilon is 0.5541824028347966, alpha is 54.0
Epoch 160, Loss G: 756.6403, Loss D: -178.7878
epsilon is 0.5559987690477131, alpha is 53.0
Epoch 161, Loss G: 793.1499, Loss D: -165.0212
epsilon is 0.5578076015842456, alpha is 53.0
Epoch 162, Loss G: 785.7355, Loss D: -175.9996
epsilon is 0.5596164341207782, alpha is 53.0
Epoch 163, Loss G: 808.4713, Loss D: -169.8057
epsilon is 0.5614252666573109, alpha is 53.0
Epoch 164, Loss G: 827.6434, Loss D: -243.4991
epsilon is 0.5632340991938435, alpha is 53.0
Epoch 165, Loss G: 858.1680, Loss D: -215.7935
epsilon is 0.5650429317303761, alpha is 53.0
Epoch 166, Loss G: 860.0120, Loss D: -156.2487
epsilon is 0.5668399533473054, alpha is 52.0
Epoch 167, Loss G: 899.6663, Loss D: -243.2417
epsilon is 0.5686145341063724, alpha is 52.0
Epoch 168, Loss G: 938.4141, Loss D: -186.4708
epsilon is 0.5703891148654394, alpha is 52.0
Epoch 169, Loss G: 952.3235, Loss D: -241.8724
epsilon is 0.5721636956245063, alpha is 52.0
Epoch 170, Loss G: 982.9474, Loss D: -237.8387
epsilon is 0.5739382763835733, alpha is 52.0
Epoch 171, Loss G: 994.6189, Loss D: -204.0278
epsilon is 0.5757128571426403, alpha is 52.0
Epoch 172, Loss G: 992.4774, Loss D: -118.7640
epsilon is 0.5774874379017073, alpha is 52.0
Epoch 173, Loss G: 1051.7019, Loss D: -232.3110
epsilon is 0.5792443941429795, alpha is 51.0
Epoch 174, Loss G: 1050.8524, Loss D: -315.4955
epsilon is 0.5809847278725404, alpha is 51.0
Epoch 175, Loss G: 1158.8290, Loss D: -178.5077
epsilon is 0.5827250616021015, alpha is 51.0
Epoch 176, Loss G: 1158.1902, Loss D: -235.1318
epsilon is 0.5844653953316625, alpha is 51.0
Epoch 177, Loss G: 1204.1185, Loss D: -202.0764
epsilon is 0.5862057290612235, alpha is 51.0
Epoch 178, Loss G: 1194.7753, Loss D: -276.8159
epsilon is 0.5879460627907844, alpha is 51.0
Epoch 179, Loss G: 1260.1406, Loss D: -209.9163
epsilon is 0.5896863965203456, alpha is 51.0
Epoch 180, Loss G: 1275.0869, Loss D: -368.7631
epsilon is 0.5914179397007119, alpha is 50.0
Epoch 181, Loss G: 1300.3020, Loss D: -422.1208
epsilon is 0.5931240311473958, alpha is 50.0
Epoch 182, Loss G: 1347.1178, Loss D: -316.2845
epsilon is 0.5948301225940795, alpha is 50.0
Epoch 183, Loss G: 1372.4749, Loss D: -264.5676
epsilon is 0.5965362140407634, alpha is 50.0
Epoch 184, Loss G: 1406.8954, Loss D: -346.2688
epsilon is 0.5982423054874473, alpha is 50.0
Epoch 185, Loss G: 1445.3438, Loss D: -512.6376
epsilon is 0.599948396934131, alpha is 50.0
Epoch 186, Loss G: 1476.6403, Loss D: -350.5020
epsilon is 0.6016544883808149, alpha is 50.0
Epoch 187, Loss G: 1539.8431, Loss D: -334.1105
epsilon is 0.6033605798274988, alpha is 50.0
Epoch 188, Loss G: 1579.2595, Loss D: -324.2720
epsilon is 0.6050483590570057, alpha is 49.0
Epoch 189, Loss G: 1596.7548, Loss D: -426.7415
epsilon is 0.60672021296611, alpha is 49.0
Epoch 190, Loss G: 1598.5035, Loss D: -421.4399
epsilon is 0.6083920668752143, alpha is 49.0
Epoch 191, Loss G: 1640.2004, Loss D: -421.7084
epsilon is 0.6100639207843188, alpha is 49.0
Epoch 192, Loss G: 1713.5814, Loss D: -379.6389
epsilon is 0.6117357746934231, alpha is 49.0
Epoch 193, Loss G: 1790.3356, Loss D: -535.4260
epsilon is 0.6134076286025274, alpha is 49.0
Epoch 194, Loss G: 1781.5005, Loss D: -435.5077
epsilon is 0.6150794825116317, alpha is 49.0
Epoch 195, Loss G: 1830.2588, Loss D: -362.2367
epsilon is 0.6167513364207362, alpha is 49.0
Epoch 196, Loss G: 1866.2531, Loss D: -412.3359
epsilon is 0.6184126151222048, alpha is 48.0
Epoch 197, Loss G: 1904.3492, Loss D: -557.5146
epsilon is 0.6200502362376977, alpha is 48.0
Epoch 198, Loss G: 1954.5697, Loss D: -646.5027
epsilon is 0.6216878573531907, alpha is 48.0
Epoch 199, Loss G: 1959.9998, Loss D: -577.4664
epsilon is 0.6233254784686834, alpha is 48.0
Epoch 200, Loss G: 1976.9595, Loss D: -430.2576
epsilon is 0.6249630995841763, alpha is 48.0
Epoch 201, Loss G: 2071.8708, Loss D: -561.1833
epsilon is 0.6266007206996692, alpha is 48.0
Epoch 202, Loss G: 2082.9182, Loss D: -569.1388
epsilon is 0.628238341815162, alpha is 48.0
Epoch 203, Loss G: 2154.2947, Loss D: -540.4879
epsilon is 0.6298759629306548, alpha is 48.0
Epoch 204, Loss G: 2169.9360, Loss D: -538.2533
epsilon is 0.6315135840461478, alpha is 48.0
Epoch 205, Loss G: 2200.3362, Loss D: -339.7216
epsilon is 0.6331329153482786, alpha is 47.0
Epoch 206, Loss G: 2204.8577, Loss D: -445.5291
epsilon is 0.6347363084127967, alpha is 47.0
Epoch 207, Loss G: 2327.5525, Loss D: -576.4536
epsilon is 0.6363397014773149, alpha is 47.0
Epoch 208, Loss G: 2356.2439, Loss D: -267.1700
epsilon is 0.637943094541833, alpha is 47.0
Epoch 209, Loss G: 2438.7083, Loss D: -491.9818
epsilon is 0.639546487606351, alpha is 47.0
Epoch 210, Loss G: 2392.4976, Loss D: -499.8394
epsilon is 0.6411498806708691, alpha is 47.0
Epoch 211, Loss G: 2394.0947, Loss D: -615.8329
epsilon is 0.6427532737353872, alpha is 47.0
Epoch 212, Loss G: 2498.3323, Loss D: -603.4202
epsilon is 0.6443566667999052, alpha is 47.0
Epoch 213, Loss G: 2500.7163, Loss D: -552.6188
epsilon is 0.6459600598644233, alpha is 47.0
Epoch 214, Loss G: 2638.8049, Loss D: -552.2288
epsilon is 0.6475579229308334, alpha is 46.0
Epoch 215, Loss G: 2700.1895, Loss D: -616.3169
epsilon is 0.6491270926856861, alpha is 46.0
Epoch 216, Loss G: 2663.4734, Loss D: -577.6489
epsilon is 0.6506962624405389, alpha is 46.0
Epoch 217, Loss G: 2781.5266, Loss D: -712.9517
epsilon is 0.6522654321953917, alpha is 46.0
Epoch 218, Loss G: 2820.9856, Loss D: -554.3179
epsilon is 0.6538346019502446, alpha is 46.0
Epoch 219, Loss G: 2836.1741, Loss D: -485.4009
epsilon is 0.6554037717050973, alpha is 46.0
Epoch 220, Loss G: 2917.7847, Loss D: -712.5989
epsilon is 0.6569729414599501, alpha is 46.0
Epoch 221, Loss G: 2951.1936, Loss D: -706.3396
epsilon is 0.6585421112148029, alpha is 46.0
Epoch 222, Loss G: 2960.2188, Loss D: -855.5122
epsilon is 0.6601112809696557, alpha is 46.0
Epoch 223, Loss G: 3032.9397, Loss D: -823.1858
epsilon is 0.6616804507245084, alpha is 46.0
Epoch 224, Loss G: 3095.0510, Loss D: -491.3274
epsilon is 0.6632449889103076, alpha is 45.0
Epoch 225, Loss G: 3338.2988, Loss D: -862.8450
epsilon is 0.6647799400954745, alpha is 45.0
Epoch 226, Loss G: 3123.1584, Loss D: -1174.6140
epsilon is 0.6663148912806414, alpha is 45.0
Epoch 227, Loss G: 3353.3755, Loss D: -534.6904
epsilon is 0.6678498424658081, alpha is 45.0
Epoch 228, Loss G: 3294.5212, Loss D: -827.0247
epsilon is 0.6693847936509749, alpha is 45.0
Epoch 229, Loss G: 3400.6162, Loss D: -901.6257
epsilon is 0.6709197448361418, alpha is 45.0
Epoch 230, Loss G: 3441.6323, Loss D: -882.1838
epsilon is 0.6724546960213087, alpha is 45.0
Epoch 231, Loss G: 3422.0916, Loss D: -1094.7561
epsilon is 0.6739896472064755, alpha is 45.0
Epoch 232, Loss G: 3410.7986, Loss D: -829.4146
epsilon is 0.6755245983916423, alpha is 45.0
Epoch 233, Loss G: 3564.9172, Loss D: -837.6272
epsilon is 0.6770595495768091, alpha is 45.0
Epoch 234, Loss G: 3757.2944, Loss D: -922.8721
epsilon is 0.678594500761976, alpha is 45.0
Epoch 235, Loss G: 3779.2197, Loss D: -1126.0815
epsilon is 0.6801159760504322, alpha is 44.0
Epoch 236, Loss G: 3715.7791, Loss D: -930.7656
epsilon is 0.6816167134045655, alpha is 44.0
Epoch 237, Loss G: 3751.5515, Loss D: -678.1350
epsilon is 0.6831174507586991, alpha is 44.0
Epoch 238, Loss G: 3722.2883, Loss D: -986.2424
epsilon is 0.6846181881128326, alpha is 44.0
Epoch 239, Loss G: 3932.8894, Loss D: -867.2043
epsilon is 0.6861189254669661, alpha is 44.0
Epoch 240, Loss G: 3934.4673, Loss D: -1361.8770
epsilon is 0.6876196628210997, alpha is 44.0
Epoch 241, Loss G: 4043.4065, Loss D: -1103.0840
epsilon is 0.6891204001752331, alpha is 44.0
Epoch 242, Loss G: 4119.6074, Loss D: -1125.4028
epsilon is 0.6906211375293666, alpha is 44.0
Epoch 243, Loss G: 4172.6919, Loss D: -1154.0330
epsilon is 0.6921218748835002, alpha is 44.0
Epoch 244, Loss G: 4230.9731, Loss D: -845.4163
epsilon is 0.6936226122376337, alpha is 44.0
Epoch 245, Loss G: 4289.6963, Loss D: -753.3010
epsilon is 0.6951233495917671, alpha is 44.0
Epoch 246, Loss G: 4408.9995, Loss D: -1198.2915
epsilon is 0.6966240869459007, alpha is 44.0
Epoch 247, Loss G: 4320.1587, Loss D: -1311.8030
epsilon is 0.6980951335771732, alpha is 43.0
Epoch 248, Loss G: 4349.7817, Loss D: -1660.5090
epsilon is 0.6995616618375976, alpha is 43.0
Epoch 249, Loss G: 4380.8833, Loss D: -1230.3740
epsilon is 0.7010281900980221, alpha is 43.0
Epoch 250, Loss G: 4605.3662, Loss D: -1168.2668
epsilon is 0.7024947183584465, alpha is 43.0
Epoch 251, Loss G: 4577.5674, Loss D: -903.2639
epsilon is 0.7039612466188709, alpha is 43.0
Epoch 252, Loss G: 4638.5210, Loss D: -1077.6228
epsilon is 0.7054277748792954, alpha is 43.0
Epoch 253, Loss G: 4728.3398, Loss D: -1301.3052
epsilon is 0.7068943031397199, alpha is 43.0
Epoch 254, Loss G: 4672.0991, Loss D: -955.0278
epsilon is 0.7083608314001444, alpha is 43.0
Epoch 255, Loss G: 4864.1670, Loss D: -1110.6067
epsilon is 0.7098273596605689, alpha is 43.0
Epoch 256, Loss G: 4923.6118, Loss D: -1528.6667
epsilon is 0.7112938879209934, alpha is 43.0
Epoch 257, Loss G: 5013.6255, Loss D: -1592.3696
epsilon is 0.7127604161814177, alpha is 43.0
Epoch 258, Loss G: 4939.1089, Loss D: -1236.3884
epsilon is 0.7142269444418422, alpha is 43.0
Epoch 259, Loss G: 5026.6582, Loss D: -1092.5002
epsilon is 0.7156770643984458, alpha is 42.0
Epoch 260, Loss G: 5353.7378, Loss D: -1519.6365
epsilon is 0.7171093883011593, alpha is 42.0
Epoch 261, Loss G: 5211.7651, Loss D: -2007.5181
epsilon is 0.7185417122038729, alpha is 42.0
Epoch 262, Loss G: 5424.5806, Loss D: -1287.6643
epsilon is 0.7199740361065864, alpha is 42.0
Epoch 263, Loss G: 5387.5762, Loss D: -1538.9304
epsilon is 0.7214063600092998, alpha is 42.0
Epoch 264, Loss G: 5596.1646, Loss D: -1209.4619
epsilon is 0.7228386839120134, alpha is 42.0
Epoch 265, Loss G: 5412.1182, Loss D: -1091.7393
epsilon is 0.7242710078147269, alpha is 42.0
Epoch 266, Loss G: 5507.7949, Loss D: -1655.1335
epsilon is 0.7257033317174405, alpha is 42.0
Epoch 267, Loss G: 5453.4541, Loss D: -1720.1006
epsilon is 0.7271356556201539, alpha is 42.0
Epoch 268, Loss G: 5487.6245, Loss D: -1472.1719
epsilon is 0.7285679795228676, alpha is 42.0
Epoch 269, Loss G: 5618.8354, Loss D: -2052.9016
epsilon is 0.730000303425581, alpha is 42.0
Epoch 270, Loss G: 5518.0381, Loss D: -1496.2549
epsilon is 0.7314326273282945, alpha is 42.0
Epoch 271, Loss G: 5625.7480, Loss D: -1477.3867
epsilon is 0.732864951231008, alpha is 42.0
Epoch 272, Loss G: 5417.3345, Loss D: -1896.1536
epsilon is 0.7342924312952566, alpha is 41.0
Epoch 273, Loss G: 5931.4883, Loss D: -1335.1748
epsilon is 0.7356905555749311, alpha is 41.0
Epoch 274, Loss G: 5719.0361, Loss D: -1751.2998
epsilon is 0.7370886798546057, alpha is 41.0
Epoch 275, Loss G: 5888.0913, Loss D: -1657.9468
epsilon is 0.7384868041342803, alpha is 41.0
Epoch 276, Loss G: 5790.6167, Loss D: -2038.2678
epsilon is 0.7398849284139548, alpha is 41.0
Epoch 277, Loss G: 6094.6592, Loss D: -2134.7729
epsilon is 0.7412830526936294, alpha is 41.0
Epoch 278, Loss G: 6067.5078, Loss D: -1442.3770
epsilon is 0.7426811769733038, alpha is 41.0
Epoch 279, Loss G: 6230.8442, Loss D: -1595.5972
epsilon is 0.7440793012529784, alpha is 41.0
Epoch 280, Loss G: 6433.9404, Loss D: -1737.5312
epsilon is 0.7454774255326528, alpha is 41.0
Epoch 281, Loss G: 6074.2622, Loss D: -1703.1660
epsilon is 0.7468755498123274, alpha is 41.0
Epoch 282, Loss G: 6012.8540, Loss D: -2015.0566
epsilon is 0.748273674092002, alpha is 41.0
Epoch 283, Loss G: 6332.8730, Loss D: -1981.9492
epsilon is 0.7496717983716765, alpha is 41.0
Epoch 284, Loss G: 6427.8818, Loss D: -1894.7861
epsilon is 0.7510699226513511, alpha is 41.0
Epoch 285, Loss G: 6506.0981, Loss D: -2595.5845
epsilon is 0.7524680469310255, alpha is 41.0
Epoch 286, Loss G: 6289.3325, Loss D: -2405.5874
epsilon is 0.7538661712107001, alpha is 41.0
Epoch 287, Loss G: 6622.8389, Loss D: -1956.1836
epsilon is 0.7552384892513992, alpha is 40.0
Epoch 288, Loss G: 6723.9971, Loss D: -1695.5244
epsilon is 0.7566024186413804, alpha is 40.0
Epoch 289, Loss G: 6612.1958, Loss D: -2034.8555
epsilon is 0.7579663480313614, alpha is 40.0
Epoch 290, Loss G: 6434.0068, Loss D: -1832.5547
epsilon is 0.7593302774213424, alpha is 40.0
Epoch 291, Loss G: 6637.8774, Loss D: -1944.6440
epsilon is 0.7606942068113234, alpha is 40.0
Epoch 292, Loss G: 6632.4092, Loss D: -2062.0957
epsilon is 0.7620581362013044, alpha is 40.0
Epoch 293, Loss G: 7102.0767, Loss D: -2339.0269
epsilon is 0.7634220655912856, alpha is 40.0
Epoch 294, Loss G: 6661.8423, Loss D: -2063.6582
epsilon is 0.7647859949812665, alpha is 40.0
Epoch 295, Loss G: 6603.6865, Loss D: -2140.5986
epsilon is 0.7661499243712475, alpha is 40.0
Epoch 296, Loss G: 6631.1660, Loss D: -2368.2808
epsilon is 0.7675138537612285, alpha is 40.0
Epoch 297, Loss G: 7258.7383, Loss D: -2391.4062
epsilon is 0.7688777831512095, alpha is 40.0
Epoch 298, Loss G: 7034.6240, Loss D: -2338.1821
epsilon is 0.7702417125411907, alpha is 40.0
Epoch 299, Loss G: 6982.9116, Loss D: -2247.1992
epsilon is 0.7716056419311716, alpha is 40.0
Epoch 300, Loss G: 7021.7495, Loss D: -2166.1855
epsilon is 0.7729695713211526, alpha is 40.0